<?xml version="1.0" encoding="UTF-8"?><testsuite errors="0" failures="0" name="lab5_vvss.features.search.SearchByKeywordStory" skipped="1" tests="3" time="17.76" timestamp="2020-05-17T00:59:24.401+03:00[Europe/Bucharest]"><testcase classname="lab5_vvss.features.search.SearchByKeywordStory" name="Searching by keyword banana should display the corresponding article"/><testcase classname="lab5_vvss.features.search.SearchByKeywordStory" name="Searching by ambiguious keyword should display the disambiguation page"><skipped/></testcase><testcase classname="lab5_vvss.features.search.SearchByKeywordStory" name="Searching by keyword apple should display the corresponding article"/></testsuite>