<?xml version="1.0" encoding="UTF-8"?><testsuite errors="2" failures="0" name="lab5_vvss.features.search.SearchByKeywordStory" skipped="1" tests="3" time="91.61" timestamp="2020-05-17T00:46:32.798+03:00[Europe/Bucharest]"><testcase classname="lab5_vvss.features.search.SearchByKeywordStory" name="Searching by keyword banana should display the corresponding article"><error message="Could not instantiate class org.openqa.selenium.firefox.FirefoxDriver" type="net.thucydides.core.webdriver.UnsupportedDriverException">Could not instantiate class org.openqa.selenium.firefox.FirefoxDriver</error><system-err>Could not instantiate class org.openqa.selenium.firefox.FirefoxDriver
lab5_vvss.steps.serenity.EndUserSteps.is_the_home_page(EndUserSteps.java:32)
lab5_vvss.features.search.SearchByKeywordStory.searching_by_keyword_banana_should_display_the_corresponding_article(SearchByKeywordStory.java:35)
</system-err></testcase><testcase classname="lab5_vvss.features.search.SearchByKeywordStory" name="Searching by ambiguious keyword should display the disambiguation page"><skipped/></testcase><testcase classname="lab5_vvss.features.search.SearchByKeywordStory" name="Searching by keyword apple should display the corresponding article"><error message="Could not instantiate class org.openqa.selenium.firefox.FirefoxDriver" type="net.thucydides.core.webdriver.UnsupportedDriverException">Could not instantiate class org.openqa.selenium.firefox.FirefoxDriver</error><system-err>Could not instantiate class org.openqa.selenium.firefox.FirefoxDriver
lab5_vvss.steps.serenity.EndUserSteps.is_the_home_page(EndUserSteps.java:32)
lab5_vvss.features.search.SearchByKeywordStory.searching_by_keyword_apple_should_display_the_corresponding_article(SearchByKeywordStory.java:27)
</system-err></testcase></testsuite>